[debug] [2019-10-11T12:15:30.607Z] ----------------------------------------------------------------------
[debug] [2019-10-11T12:15:30.611Z] Command:       C:\Program Files\nodejs\node.exe C:\Users\devSo\AppData\Roaming\npm\node_modules\firebase-tools\lib\bin\firebase.js deploy --debug
[debug] [2019-10-11T12:15:30.611Z] CLI Version:   7.5.0
[debug] [2019-10-11T12:15:30.612Z] Platform:      win32
[debug] [2019-10-11T12:15:30.612Z] Node Version:  v10.16.3
[debug] [2019-10-11T12:15:30.614Z] Time:          Fri Oct 11 2019 21:15:30 GMT+0900 (GMT+09:00)
[debug] [2019-10-11T12:15:30.614Z] ----------------------------------------------------------------------
[debug] 
[debug] [2019-10-11T12:15:30.625Z] > command requires scopes: ["email","openid","https://www.googleapis.com/auth/cloudplatformprojects.readonly","https://www.googleapis.com/auth/firebase","https://www.googleapis.com/auth/cloud-platform"]
[debug] [2019-10-11T12:15:30.634Z] > authorizing via signed-in user
[debug] [2019-10-11T12:15:30.635Z] [iam] checking project confrence-1568633251505 for permissions ["cloudfunctions.functions.create","cloudfunctions.functions.delete","cloudfunctions.functions.get","cloudfunctions.functions.list","cloudfunctions.functions.update","cloudfunctions.operations.get","datastore.indexes.create","datastore.indexes.delete","datastore.indexes.list","datastore.indexes.update","firebase.projects.get","firebasehosting.sites.update","firebaserules.releases.create","firebaserules.releases.update","firebaserules.rulesets.create"]
[debug] [2019-10-11T12:15:30.638Z] > refreshing access token with scopes: ["email","https://www.googleapis.com/auth/cloud-platform","https://www.googleapis.com/auth/cloudplatformprojects.readonly","https://www.googleapis.com/auth/firebase","openid"]
[debug] [2019-10-11T12:15:30.651Z] >>> HTTP REQUEST POST https://www.googleapis.com/oauth2/v3/token  
 <request body omitted>
[debug] [2019-10-11T12:15:30.893Z] <<< HTTP RESPONSE 200
[debug] [2019-10-11T12:15:30.899Z] >>> HTTP REQUEST POST https://cloudresourcemanager.googleapis.com/v1/projects/confrence-1568633251505:testIamPermissions  

[debug] [2019-10-11T12:15:31.727Z] <<< HTTP RESPONSE 200
[debug] [2019-10-11T12:15:31.730Z] >>> HTTP REQUEST GET https://firebase.googleapis.com/v1beta1/projects/confrence-1568633251505  
 
[debug] [2019-10-11T12:15:32.461Z] <<< HTTP RESPONSE 200
[info] 
[info] === Deploying to 'confrence-1568633251505'...
[info] 
[info] i  deploying storage, firestore, functions, hosting
[info] Running command: npm --prefix "$RESOURCE_DIR" run lint
[info] Running command: npm --prefix "$RESOURCE_DIR" run build
[info] +  functions: Finished running predeploy script.
[debug] [2019-10-11T12:15:42.381Z] >>> HTTP REQUEST GET https://appengine.googleapis.com/v1/apps/confrence-1568633251505  
 
[debug] [2019-10-11T12:15:43.935Z] <<< HTTP RESPONSE 200
[info] i  storage: checking storage.rules for compilation errors...
[debug] [2019-10-11T12:15:43.952Z] >>> HTTP REQUEST POST https://firebaserules.googleapis.com/v1/projects/confrence-1568633251505:test  

[debug] [2019-10-11T12:15:45.249Z] <<< HTTP RESPONSE 200
[info] +  storage: rules file storage.rules compiled successfully
[info] i  firestore: checking firestore.rules for compilation errors...
[info] i  firestore: reading indexes from firestore.indexes.json...
[debug] [2019-10-11T12:15:45.277Z] >>> HTTP REQUEST POST https://firebaserules.googleapis.com/v1/projects/confrence-1568633251505:test  

[debug] [2019-10-11T12:15:46.446Z] <<< HTTP RESPONSE 200
[info] +  firestore: rules file firestore.rules compiled successfully
[debug] [2019-10-11T12:15:46.463Z] > [functions] package.json contents: {
  "name": "functions",
  "scripts": {
    "lint": "tslint --project tsconfig.json",
    "build": "tsc",
    "serve": "npm run build && firebase serve --only functions",
    "shell": "npm run build && firebase functions:shell",
    "start": "npm run shell",
    "deploy": "firebase deploy --only functions",
    "logs": "firebase functions:log"
  },
  "engines": {
    "node": "8"
  },
  "main": "lib/index.js",
  "dependencies": {
    "firebase-admin": "^8.0.0",
    "firebase-functions": "^3.1.0"
  },
  "devDependencies": {
    "tslint": "^5.12.0",
    "typescript": "^3.2.2"
  },
  "private": true
}
[info] i  functions: ensuring necessary APIs are enabled...
[debug] [2019-10-11T12:15:46.483Z] >>> HTTP REQUEST GET https://serviceusage.googleapis.com/v1/projects/confrence-1568633251505/services/cloudfunctions.googleapis.com  
 
[debug] [2019-10-11T12:15:46.493Z] >>> HTTP REQUEST GET https://serviceusage.googleapis.com/v1/projects/confrence-1568633251505/services/runtimeconfig.googleapis.com  
 
[debug] [2019-10-11T12:15:47.660Z] <<< HTTP RESPONSE 200
[debug] [2019-10-11T12:15:47.730Z] <<< HTTP RESPONSE 200
[info] +  functions: all necessary APIs are enabled
[debug] [2019-10-11T12:15:47.733Z] >>> HTTP REQUEST GET https://firebase.googleapis.com/v1beta1/projects/confrence-1568633251505/adminSdkConfig  
 
[debug] [2019-10-11T12:15:48.439Z] <<< HTTP RESPONSE 200
[debug] [2019-10-11T12:15:48.441Z] >>> HTTP REQUEST POST https://firebasehosting.googleapis.com/v1beta1/sites/confrences/versions  

[debug] [2019-10-11T12:15:49.620Z] <<< HTTP RESPONSE 404
[debug] [2019-10-11T12:15:49.621Z] <<< HTTP RESPONSE BODY
[error] 
[error] Error: HTTP Error: 404, Requested entity was not found.
[debug] [2019-10-11T12:15:49.786Z] Error Context: {
  "body": {
    "error": {
      "code": 404,
      "message": "Requested entity was not found.",
      "status": "NOT_FOUND"
    }
  },
  "response": {
    "statusCode": 404,
    "body": {
      "error": {
        "code": 404,
        "message": "Requested entity was not found.",
        "status": "NOT_FOUND"
      }
    },
    "headers": {
      "vary": "X-Origin, Referer, Origin,Accept-Encoding",
      "content-type": "application/json; charset=UTF-8",
      "date": "Fri, 11 Oct 2019 12:15:48 GMT",
      "server": "ESF",
      "cache-control": "private",
      "x-xss-protection": "0",
      "x-frame-options": "SAMEORIGIN",
      "x-content-type-options": "nosniff",
      "alt-svc": "quic=\":443\"; ma=2592000; v=\"46,43\",h3-Q048=\":443\"; ma=2592000,h3-Q046=\":443\"; ma=2592000,h3-Q043=\":443\"; ma=2592000",
      "accept-ranges": "none",
      "transfer-encoding": "chunked"
    },
    "request": {
      "uri": {
        "protocol": "https:",
        "slashes": true,
        "auth": null,
        "host": "firebasehosting.googleapis.com",
        "port": 443,
        "hostname": "firebasehosting.googleapis.com",
        "hash": null,
        "search": null,
        "query": null,
        "pathname": "/v1beta1/sites/confrences/versions",
        "path": "/v1beta1/sites/confrences/versions",
        "href": "https://firebasehosting.googleapis.com/v1beta1/sites/confrences/versions"
      },
      "method": "POST"
    }
  }
}
[debug] [2019-10-11T12:27:04.429Z] ----------------------------------------------------------------------
[debug] [2019-10-11T12:27:04.433Z] Command:       C:\Program Files\nodejs\node.exe C:\Users\devSo\AppData\Roaming\npm\node_modules\firebase-tools\lib\bin\firebase.js deploy --debug
[debug] [2019-10-11T12:27:04.442Z] CLI Version:   7.5.0
[debug] [2019-10-11T12:27:04.444Z] Platform:      win32
[debug] [2019-10-11T12:27:04.444Z] Node Version:  v10.16.3
[debug] [2019-10-11T12:27:04.445Z] Time:          Fri Oct 11 2019 21:27:04 GMT+0900 (GMT+09:00)
[debug] [2019-10-11T12:27:04.446Z] ----------------------------------------------------------------------
[debug] 
[debug] [2019-10-11T12:27:04.457Z] > command requires scopes: ["email","openid","https://www.googleapis.com/auth/cloudplatformprojects.readonly","https://www.googleapis.com/auth/firebase","https://www.googleapis.com/auth/cloud-platform"]
[debug] [2019-10-11T12:27:04.458Z] > authorizing via signed-in user
[debug] [2019-10-11T12:27:04.459Z] [iam] checking project confrence-1568633251505 for permissions ["cloudfunctions.functions.create","cloudfunctions.functions.delete","cloudfunctions.functions.get","cloudfunctions.functions.list","cloudfunctions.functions.update","cloudfunctions.operations.get","datastore.indexes.create","datastore.indexes.delete","datastore.indexes.list","datastore.indexes.update","firebase.projects.get","firebasehosting.sites.update","firebaserules.releases.create","firebaserules.releases.update","firebaserules.rulesets.create"]
[debug] [2019-10-11T12:27:04.473Z] >>> HTTP REQUEST POST https://cloudresourcemanager.googleapis.com/v1/projects/confrence-1568633251505:testIamPermissions  

[debug] [2019-10-11T12:27:05.280Z] <<< HTTP RESPONSE 200
[debug] [2019-10-11T12:27:05.302Z] >>> HTTP REQUEST GET https://firebase.googleapis.com/v1beta1/projects/confrence-1568633251505  
 
[debug] [2019-10-11T12:27:06.073Z] <<< HTTP RESPONSE 200
[info] 
[info] === Deploying to 'confrence-1568633251505'...
[info] 
[info] i  deploying storage, firestore, functions, hosting
[info] Running command: npm --prefix "$RESOURCE_DIR" run lint
[info] Running command: npm --prefix "$RESOURCE_DIR" run build
[info] +  functions: Finished running predeploy script.
[debug] [2019-10-11T12:27:16.132Z] >>> HTTP REQUEST GET https://appengine.googleapis.com/v1/apps/confrence-1568633251505  
 
[debug] [2019-10-11T12:27:17.649Z] <<< HTTP RESPONSE 200
[info] i  storage: checking storage.rules for compilation errors...
[debug] [2019-10-11T12:27:17.663Z] >>> HTTP REQUEST POST https://firebaserules.googleapis.com/v1/projects/confrence-1568633251505:test  

[debug] [2019-10-11T12:27:18.936Z] <<< HTTP RESPONSE 200
[info] +  storage: rules file storage.rules compiled successfully
[info] i  firestore: checking firestore.rules for compilation errors...
[info] i  firestore: reading indexes from firestore.indexes.json...
[debug] [2019-10-11T12:27:18.966Z] >>> HTTP REQUEST POST https://firebaserules.googleapis.com/v1/projects/confrence-1568633251505:test  

[debug] [2019-10-11T12:27:20.124Z] <<< HTTP RESPONSE 200
[info] +  firestore: rules file firestore.rules compiled successfully
[debug] [2019-10-11T12:27:20.138Z] > [functions] package.json contents: {
  "name": "functions",
  "scripts": {
    "lint": "tslint --project tsconfig.json",
    "build": "tsc",
    "serve": "npm run build && firebase serve --only functions",
    "shell": "npm run build && firebase functions:shell",
    "start": "npm run shell",
    "deploy": "firebase deploy --only functions",
    "logs": "firebase functions:log"
  },
  "engines": {
    "node": "8"
  },
  "main": "lib/index.js",
  "dependencies": {
    "firebase-admin": "^8.0.0",
    "firebase-functions": "^3.1.0"
  },
  "devDependencies": {
    "tslint": "^5.12.0",
    "typescript": "^3.2.2"
  },
  "private": true
}
[info] i  functions: ensuring necessary APIs are enabled...
[debug] [2019-10-11T12:27:20.156Z] >>> HTTP REQUEST GET https://serviceusage.googleapis.com/v1/projects/confrence-1568633251505/services/cloudfunctions.googleapis.com  
 
[debug] [2019-10-11T12:27:20.165Z] >>> HTTP REQUEST GET https://serviceusage.googleapis.com/v1/projects/confrence-1568633251505/services/runtimeconfig.googleapis.com  
 
[debug] [2019-10-11T12:27:21.286Z] <<< HTTP RESPONSE 200
[debug] [2019-10-11T12:27:21.309Z] <<< HTTP RESPONSE 200
[info] +  functions: all necessary APIs are enabled
[debug] [2019-10-11T12:27:21.312Z] >>> HTTP REQUEST GET https://firebase.googleapis.com/v1beta1/projects/confrence-1568633251505/adminSdkConfig  
 
[debug] [2019-10-11T12:27:21.775Z] <<< HTTP RESPONSE 200
[debug] [2019-10-11T12:27:21.778Z] >>> HTTP REQUEST POST https://firebasehosting.googleapis.com/v1beta1/sites/confrence-1568633251505/versions  

[debug] [2019-10-11T12:27:23.454Z] <<< HTTP RESPONSE 200
[info] i  storage: uploading rules storage.rules...
[debug] [2019-10-11T12:27:23.471Z] >>> HTTP REQUEST POST https://firebaserules.googleapis.com/v1/projects/confrence-1568633251505/rulesets  

[debug] [2019-10-11T12:27:24.678Z] <<< HTTP RESPONSE 200
[debug] [2019-10-11T12:27:24.680Z] [rules] created ruleset projects/confrence-1568633251505/rulesets/c8d28058-c2af-44ea-a21d-7ec1060783bc
[info] i  firestore: uploading rules firestore.rules...
[debug] [2019-10-11T12:27:24.694Z] >>> HTTP REQUEST POST https://firebaserules.googleapis.com/v1/projects/confrence-1568633251505/rulesets  

[debug] [2019-10-11T12:27:24.707Z] >>> HTTP REQUEST GET https://firestore.googleapis.com/v1beta2/projects/confrence-1568633251505/databases/(default)/collectionGroups/-/indexes  
 
[debug] [2019-10-11T12:27:24.955Z] <<< HTTP RESPONSE 200
[debug] [2019-10-11T12:27:24.958Z] >>> HTTP REQUEST GET https://firestore.googleapis.com/v1beta2/projects/confrence-1568633251505/databases/(default)/collectionGroups/-/fields?filter=indexConfig.usesAncestorConfig=false  
 
[debug] [2019-10-11T12:27:25.105Z] <<< HTTP RESPONSE 200
[debug] [2019-10-11T12:27:25.107Z] Skipping existing index: {"collectionGroup":"agenda","queryScope":"COLLECTION_GROUP","fields":[{"fieldPath":"delFlg","order":"DESCENDING"},{"fieldPath":"createdAt","order":"DESCENDING"}]}
[info] +  firestore: deployed indexes in firestore.indexes.json successfully
[debug] [2019-10-11T12:27:26.004Z] <<< HTTP RESPONSE 200
[debug] [2019-10-11T12:27:26.006Z] [rules] created ruleset projects/confrence-1568633251505/rulesets/e832fb3c-7b3c-4b52-98f6-f5ca4de25637
[info] i  functions: preparing functions directory for uploading...
[debug] [2019-10-11T12:27:26.023Z] >>> HTTP REQUEST GET https://runtimeconfig.googleapis.com/v1beta1/projects/confrence-1568633251505/configs  
 
[debug] [2019-10-11T12:27:27.557Z] <<< HTTP RESPONSE 200
[info] i  functions: packaged functions (33.43 KB) for uploading
[debug] [2019-10-11T12:27:27.853Z] >>> HTTP REQUEST POST https://cloudfunctions.googleapis.com/v1/projects/confrence-1568633251505/locations/us-central1/functions:generateUploadUrl  
 
[debug] [2019-10-11T12:27:28.897Z] <<< HTTP RESPONSE 200
[debug] [2019-10-11T12:27:28.900Z] >>> HTTP REQUEST PUT https://storage.googleapis.com/gcf-upload-us-central1-db21d8d0-7326-4e63-ac28-f0c05fd60641/0724964a-4b1e-4be5-a6e8-9c4c8af613fc.zip?GoogleAccessId=service-577576742890@gcf-admin-robot.iam.gserviceaccount.com&Expires=1570798647&Signature=wIvlQZ5ihBM9YybVlIyRwtxTrtCct2xtigE4LPv69klAvxHE4OuY65n2LyzMox%2B0snyDVCaKPCoyiXETPupP9rGfU%2B0SJ2hfY4C%2FeOmFv1WvxZeMNfanYQyhk6g30zqp3uk1Uo3eABOPfTRhWEsqyU6B1AAXitZpooT5MU1QhxwVH2DySsm8kk%2FPuFqAiCoGWW6wrofFQMVlkOQaY%2BYkiVn%2BkqN0mcjbju0n1Dn9IBj3ypTve6mCB1YS86Y7SQiYuJYTEjK9UlGOpGoXkJtwITTEUpkBKBuSrOV0skaIJ3%2FWuZM%2BjdFaAw5Phox87ixUtAhKOYLh8XGDeweYl7SpIw%3D%3D  
 <request body omitted>
[debug] [2019-10-11T12:27:29.348Z] <<< HTTP RESPONSE 200
[info] +  functions: functions folder uploaded successfully
[info] i  hosting[confrence-1568633251505]: beginning deploy...
[info] i  hosting[confrence-1568633251505]: found 17 files in build
[debug] [2019-10-11T12:27:29.387Z] [hosting] hash cache [YnVpbGQ] load error: lines is not defined
[debug] [2019-10-11T12:27:29.865Z] [hosting] hash cache [YnVpbGQ] stored for 17 files
[debug] [2019-10-11T12:27:29.866Z] [hosting][hash queue][FINAL]
[debug] [2019-10-11T12:27:29.867Z] >>> HTTP REQUEST POST https://firebasehosting.googleapis.com/v1beta1/sites/confrence-1568633251505/versions/498ab89272846a8d:populateFiles  
 <request body omitted>
[info] i  hosting: adding files to version [0/17] (0%)
[debug] [2019-10-11T12:27:31.730Z] <<< HTTP RESPONSE 200
[debug] [2019-10-11T12:27:31.740Z] [hosting][populate queue][FINAL]
[debug] [2019-10-11T12:27:31.746Z] [hosting] uploads queued: 12
[info] i  hosting: uploading new files [0/12] (0%)
[info] i  hosting: uploading new files [11/12] (91%)
[debug] [2019-10-11T12:27:35.543Z] [hosting][upload queue][FINAL]
[info] +  hosting[confrence-1568633251505]: file upload complete
[debug] [2019-10-11T12:27:35.544Z] [hosting] deploy completed after 6177ms
[debug] [2019-10-11T12:27:35.696Z] [rules] releasing firebase.storage/confrence-1568633251505.appspot.com with ruleset projects/confrence-1568633251505/rulesets/c8d28058-c2af-44ea-a21d-7ec1060783bc
[debug] [2019-10-11T12:27:35.697Z] >>> HTTP REQUEST PATCH https://firebaserules.googleapis.com/v1/projects/confrence-1568633251505/releases/firebase.storage/confrence-1568633251505.appspot.com  

[debug] [2019-10-11T12:27:36.893Z] <<< HTTP RESPONSE 200
[debug] [2019-10-11T12:27:36.895Z] [rules] updated release projects/confrence-1568633251505/releases/firebase.storage/confrence-1568633251505.appspot.com
[info] +  storage: released rules storage.rules to firebase.storage/confrence-1568633251505.appspot.com
[debug] [2019-10-11T12:27:36.896Z] [rules] releasing cloud.firestore with ruleset projects/confrence-1568633251505/rulesets/e832fb3c-7b3c-4b52-98f6-f5ca4de25637
[debug] [2019-10-11T12:27:36.897Z] >>> HTTP REQUEST PATCH https://firebaserules.googleapis.com/v1/projects/confrence-1568633251505/releases/cloud.firestore  

[debug] [2019-10-11T12:27:38.109Z] <<< HTTP RESPONSE 200
[debug] [2019-10-11T12:27:38.111Z] [rules] updated release projects/confrence-1568633251505/releases/cloud.firestore
[info] +  firestore: released rules firestore.rules to cloud.firestore
[debug] [2019-10-11T12:27:38.113Z] >>> HTTP REQUEST GET https://cloudfunctions.googleapis.com/v1/projects/confrence-1568633251505/locations/-/functions  
 
[debug] [2019-10-11T12:27:38.589Z] <<< HTTP RESPONSE 200
[info] i  functions: updating Node.js 8 function createAgenda(us-central1)...
[debug] [2019-10-11T12:27:38.593Z] Trigger is:  {"httpsTrigger":{}}
[debug] [2019-10-11T12:27:38.594Z] >>> HTTP REQUEST GET https://serviceusage.googleapis.com/v1/projects/confrence-1568633251505/services/cloudscheduler.googleapis.com  
 
[debug] [2019-10-11T12:27:39.572Z] <<< HTTP RESPONSE 200
[debug] [2019-10-11T12:27:39.575Z] >>> HTTP REQUEST PATCH https://cloudfunctions.googleapis.com/v1/projects/confrence-1568633251505/locations/us-central1/functions/createAgenda {"updateMask":"sourceUploadUrl,name,labels,runtime,httpsTrigger"} 

[debug] [2019-10-11T12:27:40.111Z] <<< HTTP RESPONSE 200
[debug] [2019-10-11T12:27:40.113Z] >>> HTTP REQUEST GET https://cloudfunctions.googleapis.com/v1/projects/confrence-1568633251505/locations/-/functions  
 
[debug] [2019-10-11T12:27:40.530Z] <<< HTTP RESPONSE 200
[debug] [2019-10-11T12:27:40.531Z] >>> HTTP REQUEST GET https://cloudfunctions.googleapis.com/v1/operations/Y29uZnJlbmNlLTE1Njg2MzMyNTE1MDUvdXMtY2VudHJhbDEvY3JlYXRlQWdlbmRhL1g4UXhxWFR1azh3  
 
[debug] [2019-10-11T12:27:40.866Z] <<< HTTP RESPONSE 200
[debug] [2019-10-11T12:27:42.868Z] >>> HTTP REQUEST GET https://cloudfunctions.googleapis.com/v1/operations/Y29uZnJlbmNlLTE1Njg2MzMyNTE1MDUvdXMtY2VudHJhbDEvY3JlYXRlQWdlbmRhL1g4UXhxWFR1azh3  
 
[debug] [2019-10-11T12:27:43.191Z] <<< HTTP RESPONSE 200
[debug] [2019-10-11T12:27:45.192Z] >>> HTTP REQUEST GET https://cloudfunctions.googleapis.com/v1/operations/Y29uZnJlbmNlLTE1Njg2MzMyNTE1MDUvdXMtY2VudHJhbDEvY3JlYXRlQWdlbmRhL1g4UXhxWFR1azh3  
 
[debug] [2019-10-11T12:27:45.489Z] <<< HTTP RESPONSE 200
[debug] [2019-10-11T12:27:47.492Z] >>> HTTP REQUEST GET https://cloudfunctions.googleapis.com/v1/operations/Y29uZnJlbmNlLTE1Njg2MzMyNTE1MDUvdXMtY2VudHJhbDEvY3JlYXRlQWdlbmRhL1g4UXhxWFR1azh3  
 
[debug] [2019-10-11T12:27:47.788Z] <<< HTTP RESPONSE 200
[debug] [2019-10-11T12:27:49.790Z] >>> HTTP REQUEST GET https://cloudfunctions.googleapis.com/v1/operations/Y29uZnJlbmNlLTE1Njg2MzMyNTE1MDUvdXMtY2VudHJhbDEvY3JlYXRlQWdlbmRhL1g4UXhxWFR1azh3  
 
[debug] [2019-10-11T12:27:50.110Z] <<< HTTP RESPONSE 200
[debug] [2019-10-11T12:27:52.112Z] >>> HTTP REQUEST GET https://cloudfunctions.googleapis.com/v1/operations/Y29uZnJlbmNlLTE1Njg2MzMyNTE1MDUvdXMtY2VudHJhbDEvY3JlYXRlQWdlbmRhL1g4UXhxWFR1azh3  
 
[debug] [2019-10-11T12:27:52.429Z] <<< HTTP RESPONSE 200
[debug] [2019-10-11T12:27:54.431Z] >>> HTTP REQUEST GET https://cloudfunctions.googleapis.com/v1/operations/Y29uZnJlbmNlLTE1Njg2MzMyNTE1MDUvdXMtY2VudHJhbDEvY3JlYXRlQWdlbmRhL1g4UXhxWFR1azh3  
 
[debug] [2019-10-11T12:27:54.739Z] <<< HTTP RESPONSE 200
[debug] [2019-10-11T12:27:56.739Z] >>> HTTP REQUEST GET https://cloudfunctions.googleapis.com/v1/operations/Y29uZnJlbmNlLTE1Njg2MzMyNTE1MDUvdXMtY2VudHJhbDEvY3JlYXRlQWdlbmRhL1g4UXhxWFR1azh3  
 
[debug] [2019-10-11T12:27:57.048Z] <<< HTTP RESPONSE 200
[debug] [2019-10-11T12:27:59.050Z] >>> HTTP REQUEST GET https://cloudfunctions.googleapis.com/v1/operations/Y29uZnJlbmNlLTE1Njg2MzMyNTE1MDUvdXMtY2VudHJhbDEvY3JlYXRlQWdlbmRhL1g4UXhxWFR1azh3  
 
[debug] [2019-10-11T12:27:59.342Z] <<< HTTP RESPONSE 200
[debug] [2019-10-11T12:28:01.344Z] >>> HTTP REQUEST GET https://cloudfunctions.googleapis.com/v1/operations/Y29uZnJlbmNlLTE1Njg2MzMyNTE1MDUvdXMtY2VudHJhbDEvY3JlYXRlQWdlbmRhL1g4UXhxWFR1azh3  
 
[debug] [2019-10-11T12:28:01.680Z] <<< HTTP RESPONSE 200
[debug] [2019-10-11T12:28:03.682Z] >>> HTTP REQUEST GET https://cloudfunctions.googleapis.com/v1/operations/Y29uZnJlbmNlLTE1Njg2MzMyNTE1MDUvdXMtY2VudHJhbDEvY3JlYXRlQWdlbmRhL1g4UXhxWFR1azh3  
 
[debug] [2019-10-11T12:28:03.981Z] <<< HTTP RESPONSE 200
[debug] [2019-10-11T12:28:05.984Z] >>> HTTP REQUEST GET https://cloudfunctions.googleapis.com/v1/operations/Y29uZnJlbmNlLTE1Njg2MzMyNTE1MDUvdXMtY2VudHJhbDEvY3JlYXRlQWdlbmRhL1g4UXhxWFR1azh3  
 
[debug] [2019-10-11T12:28:06.281Z] <<< HTTP RESPONSE 200
[debug] [2019-10-11T12:28:08.282Z] >>> HTTP REQUEST GET https://cloudfunctions.googleapis.com/v1/operations/Y29uZnJlbmNlLTE1Njg2MzMyNTE1MDUvdXMtY2VudHJhbDEvY3JlYXRlQWdlbmRhL1g4UXhxWFR1azh3  
 
[debug] [2019-10-11T12:28:08.570Z] <<< HTTP RESPONSE 200
[debug] [2019-10-11T12:28:10.572Z] >>> HTTP REQUEST GET https://cloudfunctions.googleapis.com/v1/operations/Y29uZnJlbmNlLTE1Njg2MzMyNTE1MDUvdXMtY2VudHJhbDEvY3JlYXRlQWdlbmRhL1g4UXhxWFR1azh3  
 
[debug] [2019-10-11T12:28:10.880Z] <<< HTTP RESPONSE 200
[debug] [2019-10-11T12:28:12.881Z] >>> HTTP REQUEST GET https://cloudfunctions.googleapis.com/v1/operations/Y29uZnJlbmNlLTE1Njg2MzMyNTE1MDUvdXMtY2VudHJhbDEvY3JlYXRlQWdlbmRhL1g4UXhxWFR1azh3  
 
[debug] [2019-10-11T12:28:13.204Z] <<< HTTP RESPONSE 200
[info] +  functions[createAgenda(us-central1)]: Successful update operation. 
[debug] [2019-10-11T12:28:13.230Z] [
  {
    "config": {
      "public": "build",
      "ignore": [
        "firebase.json",
        "**/.*",
        "**/node_modules/**"
      ],
      "rewrites": [
        {
          "source": "**",
          "destination": "/index.html"
        }
      ],
      "site": "confrence-1568633251505"
    },
    "site": "confrence-1568633251505",
    "version": "sites/confrence-1568633251505/versions/498ab89272846a8d"
  }
]
[info] i  hosting[confrence-1568633251505]: finalizing version...
[debug] [2019-10-11T12:28:13.260Z] >>> HTTP REQUEST PATCH https://firebasehosting.googleapis.com/v1beta1/sites/confrence-1568633251505/versions/498ab89272846a8d?updateMask=status  

[debug] [2019-10-11T12:28:14.270Z] <<< HTTP RESPONSE 200
[debug] [2019-10-11T12:28:14.271Z] [hosting] finalized version for confrence-1568633251505:
[info] +  hosting[confrence-1568633251505]: version finalized
[info] i  hosting[confrence-1568633251505]: releasing new version...
[debug] [2019-10-11T12:28:14.283Z] >>> HTTP REQUEST POST https://firebasehosting.googleapis.com/v1beta1/sites/confrence-1568633251505/releases?version_name=sites/confrence-1568633251505/versions/498ab89272846a8d  

[debug] [2019-10-11T12:28:15.293Z] <<< HTTP RESPONSE 200
[debug] [2019-10-11T12:28:15.294Z] [hosting] release:
[info] +  hosting[confrence-1568633251505]: release complete
[info] 
[info] +  Deploy complete!
[info] 
[info] Project Console: https://console.firebase.google.com/project/confrence-1568633251505/overview
[info] Hosting URL: https://confrence-1568633251505.firebaseapp.com
